<?xml version="1.0" encoding="UTF-8"?>
<!-- Generated by org.testng.reporters.JUnitXMLReporter -->
<testsuite hostname="DESKTOP-T9T1Q5L" ignored="3" name="Test" tests="3" failures="0" timestamp="2020-10-21T20:57:17 IST" time="84.86" errors="0">
  <testcase name="Login" time="10.63" classname="Test.Grabqupons"/>
  <testcase name="Nvigation" time="8.982" classname="Test.Grabqupons"/>
  <testcase name="Publishqpons" time="13.094" classname="Test.Grabqupons"/>
  <testcase name="Home" time="0.0" classname="Test.Grabqupons">
    <ignored/>
  </testcase> <!-- Home -->
  <testcase name="CreateBissines" time="0.0" classname="Test.Grabqupons">
    <ignored/>
  </testcase> <!-- CreateBissines -->
  <testcase name="Dashboard" time="0.0" classname="Test.Grabqupons">
    <ignored/>
  </testcase> <!-- Dashboard -->
</testsuite> <!-- Test -->
