<?xml version="1.0" encoding="UTF-8"?>
<testng-results skipped="0" failed="0" ignored="3" total="6" passed="3">
  <reporter-output>
  </reporter-output>
  <suite name="Suite" duration-ms="84860" started-at="2020-10-21T20:55:52 IST" finished-at="2020-10-21T20:57:17 IST">
    <groups>
    </groups>
    <test name="Test" duration-ms="84860" started-at="2020-10-21T20:55:52 IST" finished-at="2020-10-21T20:57:17 IST">
      <class name="Test.Grabqupons">
        <test-method status="PASS" signature="setup()[pri:0, instance:Test.Grabqupons@6ee52dcd]" name="setup" is-config="true" duration-ms="52062" started-at="2020-10-21T20:55:52 IST" finished-at="2020-10-21T20:56:44 IST">
          <reporter-output>
          </reporter-output>
        </test-method> <!-- setup -->
        <test-method status="PASS" signature="Login()[pri:0, instance:Test.Grabqupons@6ee52dcd]" name="Login" duration-ms="10630" started-at="2020-10-21T20:56:44 IST" finished-at="2020-10-21T20:56:54 IST">
          <reporter-output>
          </reporter-output>
        </test-method> <!-- Login -->
        <test-method status="PASS" signature="Nvigation()[pri:0, instance:Test.Grabqupons@6ee52dcd]" name="Nvigation" duration-ms="8982" started-at="2020-10-21T20:56:54 IST" depends-on-methods="Test.Grabqupons.Login" finished-at="2020-10-21T20:57:03 IST">
          <reporter-output>
          </reporter-output>
        </test-method> <!-- Nvigation -->
        <test-method status="PASS" signature="Publishqpons()[pri:0, instance:Test.Grabqupons@6ee52dcd]" name="Publishqpons" duration-ms="13094" started-at="2020-10-21T20:57:03 IST" depends-on-methods="Test.Grabqupons.Nvigation" finished-at="2020-10-21T20:57:17 IST">
          <reporter-output>
          </reporter-output>
        </test-method> <!-- Publishqpons -->
      </class> <!-- Test.Grabqupons -->
    </test> <!-- Test -->
  </suite> <!-- Suite -->
</testng-results>
