<?xml version="1.0" encoding="UTF-8"?>
<!-- Generated by org.testng.reporters.JUnitXMLReporter -->
<testsuite hostname="DESKTOP-T9T1Q5L" ignored="4" name="Test" tests="3" failures="0" timestamp="2020-10-25T14:52:24 IST" time="319.729" errors="0">
  <testcase name="Login" time="19.802" classname="Test.Grabqupons"/>
  <testcase name="Nvigation" time="14.575" classname="Test.Grabqupons"/>
  <testcase name="CreateFlashCupon" time="253.667" classname="Test.Grabqupons"/>
  <testcase name="Publishqpons" time="0.0" classname="Test.Grabqupons">
    <ignored/>
  </testcase> <!-- Publishqpons -->
  <testcase name="Home" time="0.0" classname="Test.Grabqupons">
    <ignored/>
  </testcase> <!-- Home -->
  <testcase name="CreateBissines" time="0.0" classname="Test.Grabqupons">
    <ignored/>
  </testcase> <!-- CreateBissines -->
  <testcase name="Dashboard" time="0.0" classname="Test.Grabqupons">
    <ignored/>
  </testcase> <!-- Dashboard -->
</testsuite> <!-- Test -->
